Mathematica 9.0 for Linux x86 (64-bit)
Copyright 1988-2013 Wolfram Research, Inc.

In[1]:=                                                                                                                                                                                                                                                                                                                                                                                                                                         
In[2]:= 
In[3]:= In[3]:= 
In[4]:= In[4]:= Recasting input for subtraction
Recasting done, time taken = 0.002000 seconds
Integrand takes up 49144 bytes
Integrand list ordered, time taken = 0. seconds
Collating integrand list
Integrand list collated, time taken = 0.seconds
Checking for symmetry amongst subsectors
Symmetries accounted for, time taken = 0.004000 seconds
Launching kernels...

CreateDirectory::filex: 
   /home/pcl335a/sborowka/Work/OasatPdep/SecDec3/loop/T1234m1210/together/
     already exists.
Producing C++ functions
Memory in use before optimizing C++ functions = 24583408
numericalintegrand 1 evaluated, Memory in use = 21738352
numericalintegrand 2 evaluated, Memory in use = 21905864
C++ functions produced, time taken = 1.245000 seconds

In[5]:= 
In[6]:= Total time taken to produce C++ files: 1.523000 secs

In[7]:= In[7]:= 
