{"/home/pcl301/hahn/feynhiggs/gen/decays/f/hdd-squaredme/hdd-abbr0h.F", 
 "/home/pcl301/hahn/feynhiggs/gen/decays/f/hdd-squaredme/hdd-abbr0s.F", 
 "/home/pcl301/hahn/feynhiggs/gen/decays/f/hdd-squaredme/hdd-abbr1h.F", 
 "/home/pcl301/hahn/feynhiggs/gen/decays/f/hdd-squaredme/hdd-abbr1s.F", 
 "/home/pcl301/hahn/feynhiggs/gen/decays/f/hdd-squaredme/hdd-makefile", 
 "/home/pcl301/hahn/feynhiggs/gen/decays/f/hdd-squaredme/hdd-specs.h", 
 "/home/pcl301/hahn/feynhiggs/gen/decays/f/hdd-squaredme/hdd-SquaredME.F", 
 "/home/pcl301/hahn/feynhiggs/gen/decays/f/hdd-squaredme/hdd-v0.F", 
 "/home/pcl301/hahn/feynhiggs/gen/decays/f/hdd-squaredme/hdd-v1.F", "/home/pc\
l301/hahn/feynhiggs/gen/decays/f/hdd-squaredme/hdd-v1_All4_All5_Cha4_Ind1_Ind\
2_Ind3_Ind4.F", "/home/pcl301/hahn/feynhiggs/gen/decays/f/hdd-squaredme/hdd-v\
1_All4_All5_Ind1_Ind2.F", "/home/pcl301/hahn/feynhiggs/gen/decays/f/hdd-squar\
edme/hdd-v1_All4_All5_Ind1_Ind2_Ind3.F", "/home/pcl301/hahn/feynhiggs/gen/dec\
ays/f/hdd-squaredme/hdd-v1_All4_All5_Ind1_Ind2_Ind3_Ind4.F", "/home/pcl301/ha\
hn/feynhiggs/gen/decays/f/hdd-squaredme/hdd-v1_All4_All5_Ind1_Ind2_Neu4.F", "\
/home/pcl301/hahn/feynhiggs/gen/decays/f/hdd-squaredme/hdd-v1_All4_Cha4_Cha5_\
Ind1_Ind2.F", 
 "/home/pcl301/hahn/feynhiggs/gen/decays/f/hdd-squaredme/hdd-v1_All4_Ind1.F", 
 "/home/pcl301/hahn/feynhiggs/gen/decays/f/hdd-squaredme/hdd-v1_All4_Neu4_Neu\
5.F", 
 "/home/pcl301/hahn/feynhiggs/gen/decays/f/hdd-squaredme/hdd-v1_Cha4_Cha5.F", 
 "/home/pcl301/hahn/feynhiggs/gen/decays/f/hdd-squaredme/hdd-v1_Gen4.F", 
 "/home/pcl301/hahn/feynhiggs/gen/decays/f/hdd-squaredme/hdd-v1_Neu4_Neu5.F", 
 "/home/pcl301/hahn/feynhiggs/gen/decays/f/hdd-squaredme/hdd-vars.h"}
