{"/home/pcl301/hahn/feynhiggs/gen/decays/f/hee-squaredme/hee-abbr0h.F", 
 "/home/pcl301/hahn/feynhiggs/gen/decays/f/hee-squaredme/hee-abbr0s.F", 
 "/home/pcl301/hahn/feynhiggs/gen/decays/f/hee-squaredme/hee-abbr1h.F", 
 "/home/pcl301/hahn/feynhiggs/gen/decays/f/hee-squaredme/hee-abbr1s.F", 
 "/home/pcl301/hahn/feynhiggs/gen/decays/f/hee-squaredme/hee-makefile", 
 "/home/pcl301/hahn/feynhiggs/gen/decays/f/hee-squaredme/hee-specs.h", 
 "/home/pcl301/hahn/feynhiggs/gen/decays/f/hee-squaredme/hee-SquaredME.F", 
 "/home/pcl301/hahn/feynhiggs/gen/decays/f/hee-squaredme/hee-v0.F", 
 "/home/pcl301/hahn/feynhiggs/gen/decays/f/hee-squaredme/hee-v1.F", "/home/pc\
l301/hahn/feynhiggs/gen/decays/f/hee-squaredme/hee-v1_All4_All5_Ind1_Ind2_Ind\
3.F", "/home/pcl301/hahn/feynhiggs/gen/decays/f/hee-squaredme/hee-v1_All4_All\
5_Ind1_Ind2_Ind3_Ind4.F", "/home/pcl301/hahn/feynhiggs/gen/decays/f/hee-squar\
edme/hee-v1_All4_All5_Ind1_Ind2_Neu4.F", 
 "/home/pcl301/hahn/feynhiggs/gen/decays/f/hee-squaredme/hee-v1_All4_Ind1.F", 
 "/home/pcl301/hahn/feynhiggs/gen/decays/f/hee-squaredme/hee-v1_All4_Neu4_Neu\
5.F", "/home/pcl301/hahn/feynhiggs/gen/decays/f/hee-squaredme/hee-v1_Cha4.F", 
 "/home/pcl301/hahn/feynhiggs/gen/decays/f/hee-squaredme/hee-v1_Cha4_Cha5.F", 
 "/home/pcl301/hahn/feynhiggs/gen/decays/f/hee-squaredme/hee-v1_Gen4.F", 
 "/home/pcl301/hahn/feynhiggs/gen/decays/f/hee-squaredme/hee-v1_Neu4_Neu5.F", 
 "/home/pcl301/hahn/feynhiggs/gen/decays/f/hee-squaredme/hee-vars.h"}
