{
 "/home/pcl301/hahn/fh-2143/feynhiggs/gen/decays/f/hhh-squaredme/hhh-abbr0s.F"\
, "/home/pcl301/hahn/fh-2143/feynhiggs/gen/decays/f/hhh-squaredme/hhh-abbr1s1\
.F", "/home/pcl301/hahn/fh-2143/feynhiggs/gen/decays/f/hhh-squaredme/hhh-abbr\
1s2.F", 
 "/home/pcl301/hahn/fh-2143/feynhiggs/gen/decays/f/hhh-squaredme/hhh-makefile\
", 
 "/home/pcl301/hahn/fh-2143/feynhiggs/gen/decays/f/hhh-squaredme/hhh-specs.h"\
, "/home/pcl301/hahn/fh-2143/feynhiggs/gen/decays/f/hhh-squaredme/hhh-Squared\
ME.F", 
 "/home/pcl301/hahn/fh-2143/feynhiggs/gen/decays/f/hhh-squaredme/hhh-v0.F", 
 "/home/pcl301/hahn/fh-2143/feynhiggs/gen/decays/f/hhh-squaredme/hhh-v1.F", "\
/home/pcl301/hahn/fh-2143/feynhiggs/gen/decays/f/hhh-squaredme/hhh-v1_Cha4_Ch\
a5.F", "/home/pcl301/hahn/fh-2143/feynhiggs/gen/decays/f/hhh-squaredme/hhh-v1\
_Cha4_Cha5_Cha6.F", "/home/pcl301/hahn/fh-2143/feynhiggs/gen/decays/f/hhh-squ\
aredme/hhh-v1_Gen4.F", "/home/pcl301/hahn/fh-2143/feynhiggs/gen/decays/f/hhh-\
squaredme/hhh-v1_Gen4_Sfe4.F", "/home/pcl301/hahn/fh-2143/feynhiggs/gen/decay\
s/f/hhh-squaredme/hhh-v1_Gen4_Sfe4_Sfe5.F", "/home/pcl301/hahn/fh-2143/feynhi\
ggs/gen/decays/f/hhh-squaredme/hhh-v1_Gen4_Sfe4_Sfe5_Sfe6.F", "/home/pcl301/h\
ahn/fh-2143/feynhiggs/gen/decays/f/hhh-squaredme/hhh-v1_Neu4_Neu5.F", "/home/\
pcl301/hahn/fh-2143/feynhiggs/gen/decays/f/hhh-squaredme/hhh-v1_Neu4_Neu5_Neu\
6.F", 
 "/home/pcl301/hahn/fh-2143/feynhiggs/gen/decays/f/hhh-squaredme/hhh-vars.h"}
