{"/home/pcl301/hahn/feynhiggs/gen/decays/f/huu-squaredme/huu-abbr0h.F", 
 "/home/pcl301/hahn/feynhiggs/gen/decays/f/huu-squaredme/huu-abbr0s.F", 
 "/home/pcl301/hahn/feynhiggs/gen/decays/f/huu-squaredme/huu-abbr1h.F", 
 "/home/pcl301/hahn/feynhiggs/gen/decays/f/huu-squaredme/huu-abbr1s.F", 
 "/home/pcl301/hahn/feynhiggs/gen/decays/f/huu-squaredme/huu-makefile", 
 "/home/pcl301/hahn/feynhiggs/gen/decays/f/huu-squaredme/huu-specs.h", 
 "/home/pcl301/hahn/feynhiggs/gen/decays/f/huu-squaredme/huu-SquaredME.F", 
 "/home/pcl301/hahn/feynhiggs/gen/decays/f/huu-squaredme/huu-v0.F", 
 "/home/pcl301/hahn/feynhiggs/gen/decays/f/huu-squaredme/huu-v1.F", "/home/pc\
l301/hahn/feynhiggs/gen/decays/f/huu-squaredme/huu-v1_All4_All5_Cha4_Ind1_Ind\
2_Ind3_Ind4.F", "/home/pcl301/hahn/feynhiggs/gen/decays/f/huu-squaredme/huu-v\
1_All4_All5_Ind1_Ind2.F", "/home/pcl301/hahn/feynhiggs/gen/decays/f/huu-squar\
edme/huu-v1_All4_All5_Ind1_Ind2_Ind3.F", "/home/pcl301/hahn/feynhiggs/gen/dec\
ays/f/huu-squaredme/huu-v1_All4_All5_Ind1_Ind2_Ind3_Ind4.F", "/home/pcl301/ha\
hn/feynhiggs/gen/decays/f/huu-squaredme/huu-v1_All4_All5_Ind1_Ind2_Neu4.F", "\
/home/pcl301/hahn/feynhiggs/gen/decays/f/huu-squaredme/huu-v1_All4_Cha4_Cha5_\
Ind1_Ind2.F", 
 "/home/pcl301/hahn/feynhiggs/gen/decays/f/huu-squaredme/huu-v1_All4_Ind1.F", 
 "/home/pcl301/hahn/feynhiggs/gen/decays/f/huu-squaredme/huu-v1_All4_Neu4_Neu\
5.F", 
 "/home/pcl301/hahn/feynhiggs/gen/decays/f/huu-squaredme/huu-v1_Cha4_Cha5.F", 
 "/home/pcl301/hahn/feynhiggs/gen/decays/f/huu-squaredme/huu-v1_Gen4.F", 
 "/home/pcl301/hahn/feynhiggs/gen/decays/f/huu-squaredme/huu-v1_Neu4_Neu5.F", 
 "/home/pcl301/hahn/feynhiggs/gen/decays/f/huu-squaredme/huu-vars.h"}
