Mathematica 9.0 for Linux x86 (64-bit)
Copyright 1988-2013 Wolfram Research, Inc.

In[1]:=                                                                                                                                                                                                                                                                                                                                                                                                                                         
In[2]:= 
In[3]:= In[3]:= 
In[4]:= In[4]:= Recasting input for subtraction
Recasting done, time taken = 0.006000 seconds
Integrand takes up 234928 bytes
Integrand list ordered, time taken = 0.003000 seconds
Collating integrand list
Integrand list collated, time taken = 0.seconds
Checking for symmetry amongst subsectors
Symmetries accounted for, time taken = 0.047000 seconds
Launching kernels...
Producing C++ functions
Memory in use before optimizing C++ functions = 24861216
numericalintegrand 1 evaluated, Memory in use = 21924296
numericalintegrand 2 evaluated, Memory in use = 22674952
C++ functions produced, time taken = 4.159000 seconds

In[5]:= 
In[6]:= Total time taken to produce C++ files: 4.488000 secs

In[7]:= In[7]:= 
