sec4P0l0h0={{{eps, 0, 0, 0, 0}, maxinv^(-1) + t[2]/maxinv + t[3]/maxinv + 
   (t[1]*t[3])/maxinv + (t[1]*t[2]*t[3])/maxinv + t[5]/maxinv + 
   (t[2]*t[5])/maxinv + (t[3]*t[5])/maxinv, 
  ms[1]/maxinv + (ms[1]*t[1])/maxinv + (ms[1]*t[2])/maxinv + 
   (2*ms[1]*t[1]*t[2])/maxinv - (ssp[1]*t[1]*t[2])/maxinv + 
   (ms[1]*t[1]*t[2]^2)/maxinv + (ms[1]*t[3])/maxinv + 
   (2*ms[1]*t[1]*t[3])/maxinv + (ms[1]*t[1]^2*t[3])/maxinv + 
   (2*ms[1]*t[1]*t[2]*t[3])/maxinv - (ssp[1]*t[1]*t[2]*t[3])/maxinv + 
   (2*ms[1]*t[1]^2*t[2]*t[3])/maxinv - (ssp[1]*t[1]^2*t[2]*t[3])/maxinv + 
   (ms[1]*t[1]^2*t[2]^2*t[3])/maxinv + (2*ms[1]*t[5])/maxinv - 
   (ssp[1]*t[5])/maxinv + (ms[1]*t[1]*t[5])/maxinv + 
   (2*ms[1]*t[2]*t[5])/maxinv - (ssp[1]*t[2]*t[5])/maxinv + 
   (2*ms[1]*t[1]*t[2]*t[5])/maxinv - (ssp[1]*t[1]*t[2]*t[5])/maxinv + 
   (ms[1]*t[1]*t[2]^2*t[5])/maxinv + (2*ms[1]*t[3]*t[5])/maxinv - 
   (ssp[1]*t[3]*t[5])/maxinv + (2*ms[1]*t[1]*t[3]*t[5])/maxinv - 
   (ssp[1]*t[1]*t[3]*t[5])/maxinv + (2*ms[1]*t[1]*t[2]*t[3]*t[5])/maxinv + 
   (ms[1]*t[5]^2)/maxinv + (ms[1]*t[2]*t[5]^2)/maxinv + 
   (ms[1]*t[3]*t[5]^2)/maxinv, maxinv^(-2 + eps)}, 
 {{0, eps, 0, 0, 0}, maxinv^(-1) + t[1]/maxinv + t[3]/maxinv + 
   (t[2]*t[3])/maxinv + (t[1]*t[2]*t[3])/maxinv + t[5]/maxinv + 
   (t[1]*t[5])/maxinv + (t[3]*t[5])/maxinv, 
  ms[1]/maxinv + (ms[1]*t[1])/maxinv + (ms[1]*t[2])/maxinv + 
   (2*ms[1]*t[1]*t[2])/maxinv - (ssp[1]*t[1]*t[2])/maxinv + 
   (ms[1]*t[1]^2*t[2])/maxinv + (ms[1]*t[3])/maxinv + 
   (2*ms[1]*t[2]*t[3])/maxinv - (ssp[1]*t[2]*t[3])/maxinv + 
   (2*ms[1]*t[1]*t[2]*t[3])/maxinv + (ms[1]*t[2]^2*t[3])/maxinv + 
   (2*ms[1]*t[1]*t[2]^2*t[3])/maxinv - (ssp[1]*t[1]*t[2]^2*t[3])/maxinv + 
   (ms[1]*t[1]^2*t[2]^2*t[3])/maxinv + (2*ms[1]*t[5])/maxinv - 
   (ssp[1]*t[5])/maxinv + (2*ms[1]*t[1]*t[5])/maxinv - 
   (ssp[1]*t[1]*t[5])/maxinv + (ms[1]*t[2]*t[5])/maxinv + 
   (2*ms[1]*t[1]*t[2]*t[5])/maxinv - (ssp[1]*t[1]*t[2]*t[5])/maxinv + 
   (ms[1]*t[1]^2*t[2]*t[5])/maxinv + (2*ms[1]*t[3]*t[5])/maxinv - 
   (ssp[1]*t[3]*t[5])/maxinv + (2*ms[1]*t[2]*t[3]*t[5])/maxinv + 
   (2*ms[1]*t[1]*t[2]*t[3]*t[5])/maxinv - (ssp[1]*t[1]*t[2]*t[3]*t[5])/
    maxinv + (ms[1]*t[5]^2)/maxinv + (ms[1]*t[1]*t[5]^2)/maxinv + 
   (ms[1]*t[3]*t[5]^2)/maxinv, maxinv^(-2 + eps)}, 
 {{0, 0, eps, 0, 0}, maxinv^(-1) + t[1]/maxinv + t[2]/maxinv + 
   (t[1]*t[3])/maxinv + (t[2]*t[3])/maxinv + t[5]/maxinv + 
   (t[1]*t[5])/maxinv + (t[2]*t[5])/maxinv, 
  ms[1]/maxinv + (ms[1]*t[1])/maxinv + (ms[1]*t[2])/maxinv + 
   (2*ms[1]*t[1]*t[3])/maxinv + (ms[1]*t[1]^2*t[3])/maxinv + 
   (2*ms[1]*t[2]*t[3])/maxinv - (ssp[1]*t[2]*t[3])/maxinv + 
   (2*ms[1]*t[1]*t[2]*t[3])/maxinv - (ssp[1]*t[1]*t[2]*t[3])/maxinv + 
   (ms[1]*t[2]^2*t[3])/maxinv + (ms[1]*t[1]^2*t[3]^2)/maxinv + 
   (2*ms[1]*t[1]*t[2]*t[3]^2)/maxinv - (ssp[1]*t[1]*t[2]*t[3]^2)/maxinv + 
   (ms[1]*t[2]^2*t[3]^2)/maxinv + (2*ms[1]*t[5])/maxinv - 
   (ssp[1]*t[5])/maxinv + (2*ms[1]*t[1]*t[5])/maxinv - 
   (ssp[1]*t[1]*t[5])/maxinv + (2*ms[1]*t[2]*t[5])/maxinv - 
   (ssp[1]*t[2]*t[5])/maxinv + (2*ms[1]*t[1]*t[3]*t[5])/maxinv - 
   (ssp[1]*t[1]*t[3]*t[5])/maxinv + (ms[1]*t[1]^2*t[3]*t[5])/maxinv + 
   (2*ms[1]*t[2]*t[3]*t[5])/maxinv + (2*ms[1]*t[1]*t[2]*t[3]*t[5])/maxinv - 
   (ssp[1]*t[1]*t[2]*t[3]*t[5])/maxinv + (ms[1]*t[2]^2*t[3]*t[5])/maxinv + 
   (ms[1]*t[5]^2)/maxinv + (ms[1]*t[1]*t[5]^2)/maxinv + 
   (ms[1]*t[2]*t[5]^2)/maxinv, maxinv^(-2 + eps)}}
