sec2P0l0h0={{{0, 0, eps, 0, 0}, maxinv^(-1) + t[1]/maxinv + t[4]/maxinv + 
   (t[1]*t[4])/maxinv + (t[3]*t[4])/maxinv + t[5]/maxinv + 
   (t[1]*t[5])/maxinv + (t[3]*t[5])/maxinv, 
  ms[2]/maxinv + (ms[1]*t[1])/maxinv + (ms[2]*t[1])/maxinv - 
   (ssp[1]*t[1])/maxinv + (ms[1]*t[1]^2)/maxinv + (ms[2]*t[4])/maxinv + 
   (ms[1]*t[1]*t[4])/maxinv + (ms[2]*t[1]*t[4])/maxinv - 
   (ssp[1]*t[1]*t[4])/maxinv + (ms[1]*t[1]^2*t[4])/maxinv + 
   (ms[1]*t[3]*t[4])/maxinv + (ms[2]*t[3]*t[4])/maxinv - 
   (ssp[1]*t[3]*t[4])/maxinv + (2*ms[1]*t[1]*t[3]*t[4])/maxinv + 
   (ms[1]*t[3]*t[4]^2)/maxinv + (ms[1]*t[1]*t[3]*t[4]^2)/maxinv + 
   (ms[1]*t[3]^2*t[4]^2)/maxinv + (ms[2]*t[5])/maxinv + 
   (ms[1]*t[1]*t[5])/maxinv + (ms[2]*t[1]*t[5])/maxinv - 
   (ssp[1]*t[1]*t[5])/maxinv + (ms[1]*t[1]^2*t[5])/maxinv + 
   (2*ms[2]*t[3]*t[5])/maxinv + (ms[1]*t[1]*t[3]*t[5])/maxinv + 
   (ms[2]*t[1]*t[3]*t[5])/maxinv - (ssp[1]*t[1]*t[3]*t[5])/maxinv + 
   (ms[1]*t[3]*t[4]*t[5])/maxinv + (ms[2]*t[3]*t[4]*t[5])/maxinv - 
   (ssp[1]*t[3]*t[4]*t[5])/maxinv + (ms[1]*t[1]*t[3]*t[4]*t[5])/maxinv + 
   (ms[2]*t[1]*t[3]*t[4]*t[5])/maxinv - (ssp[1]*t[1]*t[3]*t[4]*t[5])/maxinv + 
   (ms[1]*t[3]^2*t[4]*t[5])/maxinv + (ms[2]*t[3]^2*t[4]*t[5])/maxinv - 
   (ssp[1]*t[3]^2*t[4]*t[5])/maxinv + (ms[2]*t[3]*t[5]^2)/maxinv + 
   (ms[2]*t[1]*t[3]*t[5]^2)/maxinv + (ms[2]*t[3]^2*t[5]^2)/maxinv, 
  maxinv^(-2 + eps)}, {{0, 0, 0, eps, 0}, maxinv^(-1) + t[1]/maxinv + 
   t[3]/maxinv + (t[1]*t[3])/maxinv + (t[3]*t[4])/maxinv + t[5]/maxinv + 
   (t[1]*t[5])/maxinv + (t[3]*t[4]*t[5])/maxinv, 
  ms[2]/maxinv + (ms[1]*t[1])/maxinv + (ms[2]*t[1])/maxinv - 
   (ssp[1]*t[1])/maxinv + (ms[1]*t[1]^2)/maxinv + (ms[2]*t[3])/maxinv + 
   (ms[1]*t[1]*t[3])/maxinv + (ms[2]*t[1]*t[3])/maxinv - 
   (ssp[1]*t[1]*t[3])/maxinv + (ms[1]*t[1]^2*t[3])/maxinv + 
   (ms[1]*t[4])/maxinv + (ms[1]*t[1]*t[4])/maxinv + 
   (ms[1]*t[3]*t[4])/maxinv + (ms[2]*t[3]*t[4])/maxinv - 
   (ssp[1]*t[3]*t[4])/maxinv + (2*ms[1]*t[1]*t[3]*t[4])/maxinv + 
   (ms[1]*t[3]*t[4]^2)/maxinv + (ms[2]*t[5])/maxinv + 
   (ms[1]*t[1]*t[5])/maxinv + (ms[2]*t[1]*t[5])/maxinv - 
   (ssp[1]*t[1]*t[5])/maxinv + (ms[1]*t[1]^2*t[5])/maxinv + 
   (ms[1]*t[4]*t[5])/maxinv + (ms[2]*t[4]*t[5])/maxinv - 
   (ssp[1]*t[4]*t[5])/maxinv + (ms[1]*t[1]*t[4]*t[5])/maxinv + 
   (ms[2]*t[1]*t[4]*t[5])/maxinv - (ssp[1]*t[1]*t[4]*t[5])/maxinv + 
   (2*ms[2]*t[3]*t[4]*t[5])/maxinv + (ms[1]*t[1]*t[3]*t[4]*t[5])/maxinv + 
   (ms[2]*t[1]*t[3]*t[4]*t[5])/maxinv - (ssp[1]*t[1]*t[3]*t[4]*t[5])/maxinv + 
   (ms[1]*t[3]*t[4]^2*t[5])/maxinv + (ms[2]*t[3]*t[4]^2*t[5])/maxinv - 
   (ssp[1]*t[3]*t[4]^2*t[5])/maxinv + (ms[2]*t[4]*t[5]^2)/maxinv + 
   (ms[2]*t[1]*t[4]*t[5]^2)/maxinv + (ms[2]*t[3]*t[4]^2*t[5]^2)/maxinv, 
  maxinv^(-2 + eps)}, {{0, 0, 0, 0, eps}, maxinv^(-1) + t[1]/maxinv + 
   t[3]/maxinv + (t[1]*t[3])/maxinv + t[4]/maxinv + (t[1]*t[4])/maxinv + 
   (t[3]*t[5])/maxinv + (t[3]*t[4]*t[5])/maxinv, 
  ms[2]/maxinv + (ms[1]*t[1])/maxinv + (ms[2]*t[1])/maxinv - 
   (ssp[1]*t[1])/maxinv + (ms[1]*t[1]^2)/maxinv + (ms[2]*t[3])/maxinv + 
   (ms[1]*t[1]*t[3])/maxinv + (ms[2]*t[1]*t[3])/maxinv - 
   (ssp[1]*t[1]*t[3])/maxinv + (ms[1]*t[1]^2*t[3])/maxinv + 
   (ms[2]*t[4])/maxinv + (ms[1]*t[1]*t[4])/maxinv + 
   (ms[2]*t[1]*t[4])/maxinv - (ssp[1]*t[1]*t[4])/maxinv + 
   (ms[1]*t[1]^2*t[4])/maxinv + (ms[2]*t[5])/maxinv + 
   (ms[2]*t[1]*t[5])/maxinv + (2*ms[2]*t[3]*t[5])/maxinv + 
   (ms[1]*t[1]*t[3]*t[5])/maxinv + (ms[2]*t[1]*t[3]*t[5])/maxinv - 
   (ssp[1]*t[1]*t[3]*t[5])/maxinv + (ms[1]*t[4]*t[5])/maxinv + 
   (ms[2]*t[4]*t[5])/maxinv - (ssp[1]*t[4]*t[5])/maxinv + 
   (ms[1]*t[1]*t[4]*t[5])/maxinv + (ms[2]*t[1]*t[4]*t[5])/maxinv - 
   (ssp[1]*t[1]*t[4]*t[5])/maxinv + (ms[1]*t[3]*t[4]*t[5])/maxinv + 
   (ms[2]*t[3]*t[4]*t[5])/maxinv - (ssp[1]*t[3]*t[4]*t[5])/maxinv + 
   (2*ms[1]*t[1]*t[3]*t[4]*t[5])/maxinv + (ms[1]*t[4]^2*t[5])/maxinv + 
   (ms[1]*t[1]*t[4]^2*t[5])/maxinv + (ms[2]*t[3]*t[5]^2)/maxinv + 
   (ms[1]*t[3]*t[4]*t[5]^2)/maxinv + (ms[2]*t[3]*t[4]*t[5]^2)/maxinv - 
   (ssp[1]*t[3]*t[4]*t[5]^2)/maxinv + (ms[1]*t[3]*t[4]^2*t[5]^2)/maxinv, 
  maxinv^(-2 + eps)}}
