This file contains any messages produced by compilers while
running configure, to aid debugging if configure makes a mistake.

It was created by Cuba configure 3.2, which was
generated by GNU Autoconf 2.69.  Invocation command line was

  $ ./configure 

## --------- ##
## Platform. ##
## --------- ##

hostname = pcl301
uname -m = x86_64
uname -r = 3.11.10-7-desktop
uname -s = Linux
uname -v = #1 SMP PREEMPT Mon Feb 3 09:41:24 UTC 2014 (750023e)

/usr/bin/uname -p = x86_64
/bin/uname -X     = unknown

/bin/arch              = x86_64
/usr/bin/arch -k       = unknown
/usr/convex/getsysinfo = unknown
/usr/bin/hostinfo      = unknown
/bin/machine           = unknown
/usr/bin/oslevel       = unknown
/bin/universe          = unknown

PATH: /home/pcl301/hahn/bin/x86_64
PATH: /home/pcl301/hahn/bin/scripts
PATH: /home/pcl301/hahn/bin
PATH: /home/pcl301/hahn/bin/x86_64
PATH: /home/pcl301/hahn/bin/scripts
PATH: /usr/lib64/mpi/gcc/openmpi/bin
PATH: /usr/local/bin
PATH: /usr/bin
PATH: /bin
PATH: /usr/games
PATH: /usr/X11R6/bin
PATH: /usr/bin/X11
PATH: /opt/kde3/bin
PATH: /usr/lib/mit/bin
PATH: /usr/lib/mit/sbin
PATH: /opt/cel/bin
PATH: /opt/cernroot/bin
PATH: /opt/condor-8.0.0-x86_64_RedHat6-stripped/bin
PATH: /opt/Condor/bin
PATH: /opt/condor_gcc/bin
PATH: /opt/google/bin
PATH: /opt/intel/bin
PATH: /opt/Intel/bin
PATH: /opt/Macaulay2/bin
PATH: /opt/Maplesoft/bin
PATH: /opt/MathWorks/bin
PATH: /opt/PGI/bin
PATH: /opt/sage/bin
PATH: /opt/Singular/bin
PATH: /opt/Wolfram/bin
PATH: /opt/condor-8.0.0-x86_64_RedHat6-stripped/sbin
PATH: /opt/Condor/sbin
PATH: /opt/Wolfram/sbin
PATH: /opt/cel/bin
PATH: /opt/cernroot/bin
PATH: /opt/condor-8.0.0-x86_64_RedHat6-stripped/bin
PATH: /opt/Condor/bin
PATH: /opt/condor_gcc/bin
PATH: /opt/google/bin
PATH: /opt/intel/bin
PATH: /opt/Intel/bin
PATH: /opt/kde3/bin
PATH: /opt/Macaulay2/bin
PATH: /opt/Maplesoft/bin
PATH: /opt/MathWorks/bin
PATH: /opt/PGI/bin
PATH: /opt/sage/bin
PATH: /opt/Singular/bin
PATH: /opt/Wolfram/bin
PATH: /opt/condor-8.0.0-x86_64_RedHat6-stripped/sbin
PATH: /opt/Condor/sbin
PATH: /opt/Wolfram/sbin


## ----------- ##
## Core tests. ##
## ----------- ##

configure:2274: checking for gcc
configure:2290: found /home/pcl301/hahn/bin/scripts/gcc
configure:2301: result: gcc
configure:2530: checking for C compiler version
configure:2539: gcc --version >&5
gcc (SUSE Linux) 4.8.1 20130909 [gcc-4_8-branch revision 202388]
Copyright (C) 2013 Free Software Foundation, Inc.
This is free software; see the source for copying conditions.  There is NO
warranty; not even for MERCHANTABILITY or FITNESS FOR A PARTICULAR PURPOSE.

configure:2550: $? = 0
configure:2539: gcc -v >&5
Using built-in specs.
COLLECT_GCC=/usr/bin/gcc
COLLECT_LTO_WRAPPER=/usr/lib64/gcc/x86_64-suse-linux/4.8/lto-wrapper
Target: x86_64-suse-linux
Configured with: ../configure --prefix=/usr --infodir=/usr/share/info --mandir=/usr/share/man --libdir=/usr/lib64 --libexecdir=/usr/lib64 --enable-languages=c,c++,objc,fortran,obj-c++,java,ada --enable-checking=release --with-gxx-include-dir=/usr/include/c++/4.8 --enable-ssp --disable-libssp --disable-plugin --with-bugurl=http://bugs.opensuse.org/ --with-pkgversion='SUSE Linux' --disable-libgcj --disable-libmudflap --with-slibdir=/lib64 --with-system-zlib --enable-__cxa_atexit --enable-libstdcxx-allocator=new --disable-libstdcxx-pch --enable-version-specific-runtime-libs --enable-linker-build-id --program-suffix=-4.8 --enable-linux-futex --without-system-libunwind --with-arch-32=i586 --with-tune=generic --build=x86_64-suse-linux
Thread model: posix
gcc version 4.8.1 20130909 [gcc-4_8-branch revision 202388] (SUSE Linux) 
configure:2550: $? = 0
configure:2539: gcc -V >&5
gcc: error: unrecognized command line option '-V'
gcc: fatal error: no input files
compilation terminated.
configure:2550: $? = 1
configure:2539: gcc -qversion >&5
gcc: error: unrecognized command line option '-qversion'
gcc: fatal error: no input files
compilation terminated.
configure:2550: $? = 1
configure:2570: checking whether the C compiler works
configure:2592: gcc    conftest.c -lm >&5
configure:2596: $? = 0
configure:2644: result: yes
configure:2647: checking for C compiler default output file name
configure:2649: result: a.out
configure:2655: checking for suffix of executables
configure:2662: gcc -o conftest    conftest.c -lm >&5
configure:2666: $? = 0
configure:2688: result: 
configure:2710: checking whether we are cross compiling
configure:2718: gcc -o conftest    conftest.c -lm >&5
configure:2722: $? = 0
configure:2729: ./conftest
configure:2733: $? = 0
configure:2748: result: no
configure:2753: checking for suffix of object files
configure:2775: gcc -c   conftest.c >&5
configure:2779: $? = 0
configure:2800: result: o
configure:2804: checking whether we are using the GNU C compiler
configure:2823: gcc -c   conftest.c >&5
configure:2823: $? = 0
configure:2832: result: yes
configure:2841: checking whether gcc accepts -g
configure:2861: gcc -c -g  conftest.c >&5
configure:2861: $? = 0
configure:2902: result: yes
configure:2919: checking for gcc option to accept ISO C89
configure:2982: gcc  -c -g -O2  conftest.c >&5
configure:2982: $? = 0
configure:2995: result: none needed
configure:3068: checking for g77
configure:3084: found /usr/bin/g77
configure:3095: result: g77
configure:3121: checking for Fortran 77 compiler version
configure:3130: g77 --version >&5
GNU Fortran (GCC) 3.3.3-hammer
Copyright (C) 2002 Free Software Foundation, Inc.

GNU Fortran comes with NO WARRANTY, to the extent permitted by law.
You may redistribute copies of GNU Fortran
under the terms of the GNU General Public License.
For more information about these matters, see the file named COPYING
or type the command `info -f g77 Copying'.
configure:3141: $? = 0
configure:3130: g77 -v >&5
Reading specs from /usr/lib64/gcc-lib/x86_64-suse-linux/3.3.3-hammer/specs
Configured with: ../configure --enable-threads=posix --prefix=/usr --with-local-prefix=/usr/local --infodir=/usr/share/info --mandir=/usr/share/man --libdir=/usr/lib64 --libexecdir=/usr/lib64 --enable-languages=c,c++,objc,f77 --disable-checking --with-gxx-include-dir=/usr/include/c++/3.3.3 --enable-ssp --disable-libssp --disable-libgcj --with-slibdir=/lib64 --with-system-zlib --enable-shared --enable-__cxa_atexit --enable-libstdcxx-allocator=new --program-suffix=-3.3 --enable-version-specific-runtime-libs --without-system-libunwind --with-cpu=generic --host=x86_64-suse-linux
Thread model: posix
gcc version 3.3.3-hammer
configure:3141: $? = 0
configure:3130: g77 -V >&5
g77: `-V' option must have argument
configure:3141: $? = 1
configure:3130: g77 -qversion >&5
g77: unrecognized option `-qversion'
g77: no input files
configure:3141: $? = 1
configure:3150: checking whether we are using the GNU Fortran 77 compiler
configure:3163: g77 -c  conftest.F >&5
configure:3163: $? = 0
configure:3172: result: yes
configure:3178: checking whether g77 accepts -g
configure:3189: g77 -c -g conftest.f >&5
configure:3189: $? = 0
configure:3197: result: yes
configure:3269: checking for ranlib
configure:3285: found /usr/bin/ranlib
configure:3296: result: ranlib
configure:3361: checking for a BSD-compatible install
configure:3429: result: /usr/bin/install -c
configure:3456: checking for an ANSI C-conforming const
configure:3522: gcc -c -O3 -fomit-frame-pointer -ffast-math -Wall  conftest.c >&5
configure:3522: $? = 0
configure:3529: result: yes
configure:3537: checking for inline
configure:3553: gcc -c -O3 -fomit-frame-pointer -ffast-math -Wall  conftest.c >&5
configure:3553: $? = 0
configure:3561: result: inline
configure:3581: checking for long double with more range or precision than double
configure:3617: gcc -c -O3 -fomit-frame-pointer -ffast-math -Wall  conftest.c >&5
configure:3617: $? = 0
configure:3624: result: yes
configure:3645: checking how to run the C preprocessor
configure:3676: gcc -E  conftest.c
configure:3676: $? = 0
configure:3690: gcc -E  conftest.c
conftest.c:11:28: fatal error: ac_nonexistent.h: No such file or directory
 #include <ac_nonexistent.h>
                            ^
compilation terminated.
configure:3690: $? = 1
configure: failed program was:
| /* confdefs.h */
| #define PACKAGE_NAME "Cuba"
| #define PACKAGE_TARNAME "cuba"
| #define PACKAGE_VERSION "3.2"
| #define PACKAGE_STRING "Cuba 3.2"
| #define PACKAGE_BUGREPORT "hahn@feynarts.de"
| #define PACKAGE_URL ""
| #define HAVE_LONG_DOUBLE_WIDER 1
| #define HAVE_LONG_DOUBLE 1
| /* end confdefs.h.  */
| #include <ac_nonexistent.h>
configure:3715: result: gcc -E
configure:3735: gcc -E  conftest.c
configure:3735: $? = 0
configure:3749: gcc -E  conftest.c
conftest.c:11:28: fatal error: ac_nonexistent.h: No such file or directory
 #include <ac_nonexistent.h>
                            ^
compilation terminated.
configure:3749: $? = 1
configure: failed program was:
| /* confdefs.h */
| #define PACKAGE_NAME "Cuba"
| #define PACKAGE_TARNAME "cuba"
| #define PACKAGE_VERSION "3.2"
| #define PACKAGE_STRING "Cuba 3.2"
| #define PACKAGE_BUGREPORT "hahn@feynarts.de"
| #define PACKAGE_URL ""
| #define HAVE_LONG_DOUBLE_WIDER 1
| #define HAVE_LONG_DOUBLE 1
| /* end confdefs.h.  */
| #include <ac_nonexistent.h>
configure:3778: checking for grep that handles long lines and -e
configure:3836: result: /usr/bin/grep
configure:3841: checking for egrep
configure:3903: result: /usr/bin/grep -E
configure:3908: checking for ANSI C header files
configure:3928: gcc -c -O3 -fomit-frame-pointer -ffast-math -Wall  conftest.c >&5
configure:3928: $? = 0
configure:4001: gcc -o conftest -O3 -fomit-frame-pointer -ffast-math -Wall   conftest.c -lm >&5
configure:4001: $? = 0
configure:4001: ./conftest
configure:4001: $? = 0
configure:4012: result: yes
configure:4025: checking for sys/types.h
configure:4025: gcc -c -O3 -fomit-frame-pointer -ffast-math -Wall  conftest.c >&5
configure:4025: $? = 0
configure:4025: result: yes
configure:4025: checking for sys/stat.h
configure:4025: gcc -c -O3 -fomit-frame-pointer -ffast-math -Wall  conftest.c >&5
configure:4025: $? = 0
configure:4025: result: yes
configure:4025: checking for stdlib.h
configure:4025: gcc -c -O3 -fomit-frame-pointer -ffast-math -Wall  conftest.c >&5
configure:4025: $? = 0
configure:4025: result: yes
configure:4025: checking for string.h
configure:4025: gcc -c -O3 -fomit-frame-pointer -ffast-math -Wall  conftest.c >&5
configure:4025: $? = 0
configure:4025: result: yes
configure:4025: checking for memory.h
configure:4025: gcc -c -O3 -fomit-frame-pointer -ffast-math -Wall  conftest.c >&5
configure:4025: $? = 0
configure:4025: result: yes
configure:4025: checking for strings.h
configure:4025: gcc -c -O3 -fomit-frame-pointer -ffast-math -Wall  conftest.c >&5
configure:4025: $? = 0
configure:4025: result: yes
configure:4025: checking for inttypes.h
configure:4025: gcc -c -O3 -fomit-frame-pointer -ffast-math -Wall  conftest.c >&5
configure:4025: $? = 0
configure:4025: result: yes
configure:4025: checking for stdint.h
configure:4025: gcc -c -O3 -fomit-frame-pointer -ffast-math -Wall  conftest.c >&5
configure:4025: $? = 0
configure:4025: result: yes
configure:4025: checking for unistd.h
configure:4025: gcc -c -O3 -fomit-frame-pointer -ffast-math -Wall  conftest.c >&5
configure:4025: $? = 0
configure:4025: result: yes
configure:4037: checking for size_t
configure:4037: gcc -c -O3 -fomit-frame-pointer -ffast-math -Wall  conftest.c >&5
configure:4037: $? = 0
configure:4037: gcc -c -O3 -fomit-frame-pointer -ffast-math -Wall  conftest.c >&5
conftest.c: In function 'main':
conftest.c:57:21: error: expected expression before ')' token
 if (sizeof ((size_t)))
                     ^
configure:4037: $? = 1
configure: failed program was:
| /* confdefs.h */
| #define PACKAGE_NAME "Cuba"
| #define PACKAGE_TARNAME "cuba"
| #define PACKAGE_VERSION "3.2"
| #define PACKAGE_STRING "Cuba 3.2"
| #define PACKAGE_BUGREPORT "hahn@feynarts.de"
| #define PACKAGE_URL ""
| #define HAVE_LONG_DOUBLE_WIDER 1
| #define HAVE_LONG_DOUBLE 1
| #define STDC_HEADERS 1
| #define HAVE_SYS_TYPES_H 1
| #define HAVE_SYS_STAT_H 1
| #define HAVE_STDLIB_H 1
| #define HAVE_STRING_H 1
| #define HAVE_MEMORY_H 1
| #define HAVE_STRINGS_H 1
| #define HAVE_INTTYPES_H 1
| #define HAVE_STDINT_H 1
| #define HAVE_UNISTD_H 1
| /* end confdefs.h.  */
| #include <stdio.h>
| #ifdef HAVE_SYS_TYPES_H
| # include <sys/types.h>
| #endif
| #ifdef HAVE_SYS_STAT_H
| # include <sys/stat.h>
| #endif
| #ifdef STDC_HEADERS
| # include <stdlib.h>
| # include <stddef.h>
| #else
| # ifdef HAVE_STDLIB_H
| #  include <stdlib.h>
| # endif
| #endif
| #ifdef HAVE_STRING_H
| # if !defined STDC_HEADERS && defined HAVE_MEMORY_H
| #  include <memory.h>
| # endif
| # include <string.h>
| #endif
| #ifdef HAVE_STRINGS_H
| # include <strings.h>
| #endif
| #ifdef HAVE_INTTYPES_H
| # include <inttypes.h>
| #endif
| #ifdef HAVE_STDINT_H
| # include <stdint.h>
| #endif
| #ifdef HAVE_UNISTD_H
| # include <unistd.h>
| #endif
| int
| main ()
| {
| if (sizeof ((size_t)))
| 	    return 0;
|   ;
|   return 0;
| }
configure:4037: result: yes
configure:4048: checking for ssize_t
configure:4048: gcc -c -O3 -fomit-frame-pointer -ffast-math -Wall  conftest.c >&5
configure:4048: $? = 0
configure:4048: gcc -c -O3 -fomit-frame-pointer -ffast-math -Wall  conftest.c >&5
conftest.c: In function 'main':
conftest.c:57:22: error: expected expression before ')' token
 if (sizeof ((ssize_t)))
                      ^
configure:4048: $? = 1
configure: failed program was:
| /* confdefs.h */
| #define PACKAGE_NAME "Cuba"
| #define PACKAGE_TARNAME "cuba"
| #define PACKAGE_VERSION "3.2"
| #define PACKAGE_STRING "Cuba 3.2"
| #define PACKAGE_BUGREPORT "hahn@feynarts.de"
| #define PACKAGE_URL ""
| #define HAVE_LONG_DOUBLE_WIDER 1
| #define HAVE_LONG_DOUBLE 1
| #define STDC_HEADERS 1
| #define HAVE_SYS_TYPES_H 1
| #define HAVE_SYS_STAT_H 1
| #define HAVE_STDLIB_H 1
| #define HAVE_STRING_H 1
| #define HAVE_MEMORY_H 1
| #define HAVE_STRINGS_H 1
| #define HAVE_INTTYPES_H 1
| #define HAVE_STDINT_H 1
| #define HAVE_UNISTD_H 1
| /* end confdefs.h.  */
| #include <stdio.h>
| #ifdef HAVE_SYS_TYPES_H
| # include <sys/types.h>
| #endif
| #ifdef HAVE_SYS_STAT_H
| # include <sys/stat.h>
| #endif
| #ifdef STDC_HEADERS
| # include <stdlib.h>
| # include <stddef.h>
| #else
| # ifdef HAVE_STDLIB_H
| #  include <stdlib.h>
| # endif
| #endif
| #ifdef HAVE_STRING_H
| # if !defined STDC_HEADERS && defined HAVE_MEMORY_H
| #  include <memory.h>
| # endif
| # include <string.h>
| #endif
| #ifdef HAVE_STRINGS_H
| # include <strings.h>
| #endif
| #ifdef HAVE_INTTYPES_H
| # include <inttypes.h>
| #endif
| #ifdef HAVE_STDINT_H
| # include <stdint.h>
| #endif
| #ifdef HAVE_UNISTD_H
| # include <unistd.h>
| #endif
| int
| main ()
| {
| if (sizeof ((ssize_t)))
| 	    return 0;
|   ;
|   return 0;
| }
configure:4048: result: yes
configure:4059: checking for pid_t
configure:4059: gcc -c -O3 -fomit-frame-pointer -ffast-math -Wall  conftest.c >&5
configure:4059: $? = 0
configure:4059: gcc -c -O3 -fomit-frame-pointer -ffast-math -Wall  conftest.c >&5
conftest.c: In function 'main':
conftest.c:57:20: error: expected expression before ')' token
 if (sizeof ((pid_t)))
                    ^
configure:4059: $? = 1
configure: failed program was:
| /* confdefs.h */
| #define PACKAGE_NAME "Cuba"
| #define PACKAGE_TARNAME "cuba"
| #define PACKAGE_VERSION "3.2"
| #define PACKAGE_STRING "Cuba 3.2"
| #define PACKAGE_BUGREPORT "hahn@feynarts.de"
| #define PACKAGE_URL ""
| #define HAVE_LONG_DOUBLE_WIDER 1
| #define HAVE_LONG_DOUBLE 1
| #define STDC_HEADERS 1
| #define HAVE_SYS_TYPES_H 1
| #define HAVE_SYS_STAT_H 1
| #define HAVE_STDLIB_H 1
| #define HAVE_STRING_H 1
| #define HAVE_MEMORY_H 1
| #define HAVE_STRINGS_H 1
| #define HAVE_INTTYPES_H 1
| #define HAVE_STDINT_H 1
| #define HAVE_UNISTD_H 1
| /* end confdefs.h.  */
| #include <stdio.h>
| #ifdef HAVE_SYS_TYPES_H
| # include <sys/types.h>
| #endif
| #ifdef HAVE_SYS_STAT_H
| # include <sys/stat.h>
| #endif
| #ifdef STDC_HEADERS
| # include <stdlib.h>
| # include <stddef.h>
| #else
| # ifdef HAVE_STDLIB_H
| #  include <stdlib.h>
| # endif
| #endif
| #ifdef HAVE_STRING_H
| # if !defined STDC_HEADERS && defined HAVE_MEMORY_H
| #  include <memory.h>
| # endif
| # include <string.h>
| #endif
| #ifdef HAVE_STRINGS_H
| # include <strings.h>
| #endif
| #ifdef HAVE_INTTYPES_H
| # include <inttypes.h>
| #endif
| #ifdef HAVE_STDINT_H
| # include <stdint.h>
| #endif
| #ifdef HAVE_UNISTD_H
| # include <unistd.h>
| #endif
| int
| main ()
| {
| if (sizeof ((pid_t)))
| 	    return 0;
|   ;
|   return 0;
| }
configure:4059: result: yes
configure:4073: checking for powl
configure:4073: gcc -o conftest -O3 -fomit-frame-pointer -ffast-math -Wall   conftest.c -lm >&5
conftest.c:44:6: warning: conflicting types for built-in function 'powl' [enabled by default]
 char powl ();
      ^
configure:4073: $? = 0
configure:4073: result: yes
configure:4084: checking for erf
configure:4084: gcc -o conftest -O3 -fomit-frame-pointer -ffast-math -Wall   conftest.c -lm >&5
conftest.c:45:6: warning: conflicting types for built-in function 'erf' [enabled by default]
 char erf ();
      ^
configure:4084: $? = 0
configure:4084: result: yes
configure:4095: checking vfork.h usability
configure:4095: gcc -c -O3 -fomit-frame-pointer -ffast-math -Wall  conftest.c >&5
conftest.c:56:19: fatal error: vfork.h: No such file or directory
 #include <vfork.h>
                   ^
compilation terminated.
configure:4095: $? = 1
configure: failed program was:
| /* confdefs.h */
| #define PACKAGE_NAME "Cuba"
| #define PACKAGE_TARNAME "cuba"
| #define PACKAGE_VERSION "3.2"
| #define PACKAGE_STRING "Cuba 3.2"
| #define PACKAGE_BUGREPORT "hahn@feynarts.de"
| #define PACKAGE_URL ""
| #define HAVE_LONG_DOUBLE_WIDER 1
| #define HAVE_LONG_DOUBLE 1
| #define STDC_HEADERS 1
| #define HAVE_SYS_TYPES_H 1
| #define HAVE_SYS_STAT_H 1
| #define HAVE_STDLIB_H 1
| #define HAVE_STRING_H 1
| #define HAVE_MEMORY_H 1
| #define HAVE_STRINGS_H 1
| #define HAVE_INTTYPES_H 1
| #define HAVE_STDINT_H 1
| #define HAVE_UNISTD_H 1
| #define HAVE_POWL 1
| #define HAVE_ERF 1
| /* end confdefs.h.  */
| #include <stdio.h>
| #ifdef HAVE_SYS_TYPES_H
| # include <sys/types.h>
| #endif
| #ifdef HAVE_SYS_STAT_H
| # include <sys/stat.h>
| #endif
| #ifdef STDC_HEADERS
| # include <stdlib.h>
| # include <stddef.h>
| #else
| # ifdef HAVE_STDLIB_H
| #  include <stdlib.h>
| # endif
| #endif
| #ifdef HAVE_STRING_H
| # if !defined STDC_HEADERS && defined HAVE_MEMORY_H
| #  include <memory.h>
| # endif
| # include <string.h>
| #endif
| #ifdef HAVE_STRINGS_H
| # include <strings.h>
| #endif
| #ifdef HAVE_INTTYPES_H
| # include <inttypes.h>
| #endif
| #ifdef HAVE_STDINT_H
| # include <stdint.h>
| #endif
| #ifdef HAVE_UNISTD_H
| # include <unistd.h>
| #endif
| #include <vfork.h>
configure:4095: result: no
configure:4095: checking vfork.h presence
configure:4095: gcc -E  conftest.c
conftest.c:23:19: fatal error: vfork.h: No such file or directory
 #include <vfork.h>
                   ^
compilation terminated.
configure:4095: $? = 1
configure: failed program was:
| /* confdefs.h */
| #define PACKAGE_NAME "Cuba"
| #define PACKAGE_TARNAME "cuba"
| #define PACKAGE_VERSION "3.2"
| #define PACKAGE_STRING "Cuba 3.2"
| #define PACKAGE_BUGREPORT "hahn@feynarts.de"
| #define PACKAGE_URL ""
| #define HAVE_LONG_DOUBLE_WIDER 1
| #define HAVE_LONG_DOUBLE 1
| #define STDC_HEADERS 1
| #define HAVE_SYS_TYPES_H 1
| #define HAVE_SYS_STAT_H 1
| #define HAVE_STDLIB_H 1
| #define HAVE_STRING_H 1
| #define HAVE_MEMORY_H 1
| #define HAVE_STRINGS_H 1
| #define HAVE_INTTYPES_H 1
| #define HAVE_STDINT_H 1
| #define HAVE_UNISTD_H 1
| #define HAVE_POWL 1
| #define HAVE_ERF 1
| /* end confdefs.h.  */
| #include <vfork.h>
configure:4095: result: no
configure:4095: checking for vfork.h
configure:4095: result: no
configure:4108: checking for fork
configure:4108: gcc -o conftest -O3 -fomit-frame-pointer -ffast-math -Wall   conftest.c -lm >&5
conftest.c:46:6: warning: conflicting types for built-in function 'fork' [enabled by default]
 char fork ();
      ^
configure:4108: $? = 0
configure:4108: result: yes
configure:4108: checking for vfork
configure:4108: gcc -o conftest -O3 -fomit-frame-pointer -ffast-math -Wall   conftest.c -lm >&5
configure:4108: $? = 0
configure:4108: result: yes
configure:4118: checking for working fork
configure:4140: gcc -o conftest -O3 -fomit-frame-pointer -ffast-math -Wall   conftest.c -lm >&5
configure:4140: $? = 0
configure:4140: ./conftest
configure:4140: $? = 0
configure:4150: result: yes
configure:4171: checking for working vfork
configure:4281: result: yes
configure:4308: checking for working alloca.h
configure:4325: gcc -o conftest -O3 -fomit-frame-pointer -ffast-math -Wall   conftest.c -lm >&5
configure:4325: $? = 0
configure:4333: result: yes
configure:4341: checking for alloca
configure:4378: gcc -o conftest -O3 -fomit-frame-pointer -ffast-math -Wall   conftest.c -lm >&5
configure:4378: $? = 0
configure:4386: result: yes
configure:4498: checking build system type
configure:4512: result: x86_64-unknown-linux-gnu
configure:4532: checking host system type
configure:4545: result: x86_64-unknown-linux-gnu
configure:4572: checking for shmget
configure:4572: gcc -o conftest -O3 -fomit-frame-pointer -ffast-math -Wall   conftest.c -lm >&5
configure:4572: $? = 0
configure:4572: result: yes
configure:4585: checking for getloadavg
configure:4585: gcc -o conftest -O3 -fomit-frame-pointer -ffast-math -Wall   conftest.c -lm >&5
configure:4585: $? = 0
configure:4585: result: yes
configure:4611: checking for variable-size arrays
configure:4617: gcc -c -O3 -fomit-frame-pointer -ffast-math -Wall  conftest.c >&5
configure:4617: $? = 0
configure:4618: result: yes
configure:4637: checking for MathLink
configure:4661: result: yes
configure:4674: checking for qmake
configure:4690: found /usr/bin/qmake
configure:4701: result: qmake
configure:4837: creating ./config.status

## ---------------------- ##
## Running config.status. ##
## ---------------------- ##

This file was extended by Cuba config.status 3.2, which was
generated by GNU Autoconf 2.69.  Invocation command line was

  CONFIG_FILES    = 
  CONFIG_HEADERS  = 
  CONFIG_LINKS    = 
  CONFIG_COMMANDS = 
  $ ./config.status 

on pcl301

config.status:831: creating makefile
config.status:831: creating config.h

## ---------------- ##
## Cache variables. ##
## ---------------- ##

ac_cv_build=x86_64-unknown-linux-gnu
ac_cv_c_compiler_gnu=yes
ac_cv_c_const=yes
ac_cv_c_inline=inline
ac_cv_c_long_double=yes
ac_cv_env_CC_set=
ac_cv_env_CC_value=
ac_cv_env_CFLAGS_set=
ac_cv_env_CFLAGS_value=
ac_cv_env_CPPFLAGS_set=
ac_cv_env_CPPFLAGS_value=
ac_cv_env_CPP_set=
ac_cv_env_CPP_value=
ac_cv_env_F77_set=
ac_cv_env_F77_value=
ac_cv_env_FFLAGS_set=
ac_cv_env_FFLAGS_value=
ac_cv_env_LDFLAGS_set=
ac_cv_env_LDFLAGS_value=
ac_cv_env_LIBS_set=
ac_cv_env_LIBS_value=
ac_cv_env_MCFLAGS_set=
ac_cv_env_MCFLAGS_value=
ac_cv_env_build_alias_set=
ac_cv_env_build_alias_value=
ac_cv_env_host_alias_set=
ac_cv_env_host_alias_value=
ac_cv_env_target_alias_set=
ac_cv_env_target_alias_value=
ac_cv_f77_compiler_gnu=yes
ac_cv_func_alloca_works=yes
ac_cv_func_erf=yes
ac_cv_func_fork=yes
ac_cv_func_fork_works=yes
ac_cv_func_getloadavg=yes
ac_cv_func_powl=yes
ac_cv_func_shmget=yes
ac_cv_func_vfork=yes
ac_cv_func_vfork_works=yes
ac_cv_header_inttypes_h=yes
ac_cv_header_memory_h=yes
ac_cv_header_stdc=yes
ac_cv_header_stdint_h=yes
ac_cv_header_stdlib_h=yes
ac_cv_header_string_h=yes
ac_cv_header_strings_h=yes
ac_cv_header_sys_stat_h=yes
ac_cv_header_sys_types_h=yes
ac_cv_header_unistd_h=yes
ac_cv_header_vfork_h=no
ac_cv_host=x86_64-unknown-linux-gnu
ac_cv_objext=o
ac_cv_path_EGREP='/usr/bin/grep -E'
ac_cv_path_GREP=/usr/bin/grep
ac_cv_path_install='/usr/bin/install -c'
ac_cv_prog_CPP='gcc -E'
ac_cv_prog_HAVE_QMAKE=qmake
ac_cv_prog_ac_ct_CC=gcc
ac_cv_prog_ac_ct_F77=g77
ac_cv_prog_ac_ct_RANLIB=ranlib
ac_cv_prog_cc_c89=
ac_cv_prog_cc_g=yes
ac_cv_prog_f77_g=yes
ac_cv_type_long_double_wider=yes
ac_cv_type_pid_t=yes
ac_cv_type_size_t=yes
ac_cv_type_ssize_t=yes
ac_cv_working_alloca_h=yes

## ----------------- ##
## Output variables. ##
## ----------------- ##

ALLOCA=''
CC='gcc'
CFLAGS='-O3 -fomit-frame-pointer -ffast-math -Wall'
CPP='gcc -E'
CPPFLAGS=''
DEFS='-DHAVE_CONFIG_H'
DEMO_FORTRAN_DEFAULT='demo-fortran'
ECHO_C=''
ECHO_N='-n'
ECHO_T=''
EGREP='/usr/bin/grep -E'
EXEEXT=''
F77='g77'
FFLAGS='-g -O2'
GREP='/usr/bin/grep'
HAVE_QMAKE='qmake'
INSTALL_DATA='${INSTALL} -m 644'
INSTALL_PROGRAM='${INSTALL}'
INSTALL_SCRIPT='${INSTALL}'
LDFLAGS=''
LIBOBJS=''
LIBS='-lm'
LTLIBOBJS=''
MATH_DEFAULT='math'
MCFLAGS=''
OBJEXT='o'
PACKAGE_BUGREPORT='hahn@feynarts.de'
PACKAGE_NAME='Cuba'
PACKAGE_STRING='Cuba 3.2'
PACKAGE_TARNAME='cuba'
PACKAGE_URL=''
PACKAGE_VERSION='3.2'
PATH_SEPARATOR=':'
RANLIB='ranlib'
SHELL='/bin/sh'
TOOLS_DEFAULT='tools'
ac_ct_CC='gcc'
ac_ct_F77='g77'
bindir='${exec_prefix}/bin'
build='x86_64-unknown-linux-gnu'
build_alias=''
build_cpu='x86_64'
build_os='linux-gnu'
build_vendor='unknown'
datadir='${datarootdir}'
datarootdir='${prefix}/share'
docdir='${datarootdir}/doc/${PACKAGE_TARNAME}'
dvidir='${docdir}'
exec_prefix='${prefix}'
host='x86_64-unknown-linux-gnu'
host_alias=''
host_cpu='x86_64'
host_os='linux-gnu'
host_vendor='unknown'
htmldir='${docdir}'
includedir='${prefix}/include'
infodir='${datarootdir}/info'
libdir='${exec_prefix}/lib'
libexecdir='${exec_prefix}/libexec'
localedir='${datarootdir}/locale'
localstatedir='${prefix}/var'
mandir='${datarootdir}/man'
oldincludedir='/usr/include'
pdfdir='${docdir}'
prefix='/usr/local'
program_transform_name='s,x,x,'
psdir='${docdir}'
sbindir='${exec_prefix}/sbin'
sharedstatedir='${prefix}/com'
sysconfdir='${prefix}/etc'
target_alias=''

## ----------- ##
## confdefs.h. ##
## ----------- ##

/* confdefs.h */
#define PACKAGE_NAME "Cuba"
#define PACKAGE_TARNAME "cuba"
#define PACKAGE_VERSION "3.2"
#define PACKAGE_STRING "Cuba 3.2"
#define PACKAGE_BUGREPORT "hahn@feynarts.de"
#define PACKAGE_URL ""
#define HAVE_LONG_DOUBLE_WIDER 1
#define HAVE_LONG_DOUBLE 1
#define STDC_HEADERS 1
#define HAVE_SYS_TYPES_H 1
#define HAVE_SYS_STAT_H 1
#define HAVE_STDLIB_H 1
#define HAVE_STRING_H 1
#define HAVE_MEMORY_H 1
#define HAVE_STRINGS_H 1
#define HAVE_INTTYPES_H 1
#define HAVE_STDINT_H 1
#define HAVE_UNISTD_H 1
#define HAVE_POWL 1
#define HAVE_ERF 1
#define HAVE_FORK 1
#define HAVE_VFORK 1
#define HAVE_WORKING_VFORK 1
#define HAVE_WORKING_FORK 1
#define HAVE_ALLOCA_H 1
#define HAVE_ALLOCA 1
#define HAVE_SHMGET 1
#define HAVE_GETLOADAVG 1

configure: exit 0
